\BOOKMARK [0][-]{chapter.1}{Transport Model}{}
\BOOKMARK [1][-]{section.1.1}{Introduction}{chapter.1}
\BOOKMARK [1][-]{section.1.2}{New Multi-Component Model Formulation}{chapter.1}
\BOOKMARK [2][-]{subsection.1.2.1}{Two-Phase System}{section.1.2}
\BOOKMARK [2][-]{subsection.1.2.2}{Three-Phase System}{section.1.2}
\BOOKMARK [0][-]{chapter.2}{Thermodynamic Formulation}{}
\BOOKMARK [1][-]{section.2.1}{Mass Balance}{chapter.2}
\BOOKMARK [1][-]{section.2.2}{Gibbs Free Energy}{chapter.2}
\BOOKMARK [2][-]{subsection.2.2.1}{General Formulation}{section.2.2}
\BOOKMARK [2][-]{subsection.2.2.2}{Minimum Molar Gibbs Free Energy}{section.2.2}
\BOOKMARK [2][-]{subsection.2.2.3}{Gibbs-Duhen Relation}{section.2.2}
\BOOKMARK [2][-]{subsection.2.2.4}{Molar Gibbs Free Energy Gradient}{section.2.2}
\BOOKMARK [2][-]{subsection.2.2.5}{Hessian of the Molar Gibbs Free Energy}{section.2.2}
\BOOKMARK [1][-]{section.2.3}{Phase Stability Analysis}{chapter.2}
\BOOKMARK [0][-]{chapter.3}{Equations of State}{}
\BOOKMARK [1][-]{section.3.1}{Peng-Robinson Equation of State \(PR-EOS\)}{chapter.3}
\BOOKMARK [1][-]{section.3.2}{Modified Peng-Robinson Equation of State \(PRSV-EOS\)}{chapter.3}
\BOOKMARK [1][-]{section.3.3}{Mixing Rules}{chapter.3}
\BOOKMARK [2][-]{subsection.3.3.1}{Classical Mixing Rules}{section.3.3}
\BOOKMARK [2][-]{subsection.3.3.2}{Mixing Rules and the Free Helmholtz Energy in Excess}{section.3.3}
\BOOKMARK [1][-]{section.3.4}{Free Helmholtz Energy in Excess}{chapter.3}
\BOOKMARK [1][-]{section.3.5}{Calculation of the Fugacity Coefficient}{chapter.3}
\BOOKMARK [0][-]{chapter.4}{Hydrate Formation}{}
\BOOKMARK [1][-]{section.4.1}{Mass Conservation and Degrees of Freedom Analysis}{chapter.4}
\BOOKMARK [1][-]{section.4.2}{Fugacity Models}{chapter.4}
\BOOKMARK [2][-]{subsection.4.2.1}{Models for Liquid and Vapour Phases}{section.4.2}
\BOOKMARK [3][-]{subsubsection.4.2.1.1}{Soave-Redlich-Kwong Equation of State \(SRK-EOS\)}{subsection.4.2.1}
\BOOKMARK [3][-]{subsubsection.4.2.1.2}{Peng-Robinson Equation of State \(PR-EOS\)}{subsection.4.2.1}
\BOOKMARK [2][-]{subsection.4.2.2}{Host-Component in the Liquid Phase}{section.4.2}
\BOOKMARK [1][-]{section.4.3}{Models for the Hydrate Phase}{chapter.4}
\BOOKMARK [2][-]{subsection.4.3.1}{van der Waals and Platteeuw Model}{section.4.3}
\BOOKMARK [2][-]{subsection.4.3.2}{Fugacity of Water \205 Klauda Model}{section.4.3}
\BOOKMARK [2][-]{subsection.4.3.3}{Fugacity of Water \205 Zhang Model}{section.4.3}
\BOOKMARK [2][-]{subsection.4.3.4}{Fugacity of Water \205 Ballard Model}{section.4.3}
\BOOKMARK [0][-]{chapter.5}{Global Optimisation Methods}{}
\BOOKMARK [1][-]{section.5.1}{Legendre Polynomials}{chapter.5}
\BOOKMARK [1][-]{section.5.2}{Simulated Annealing Algorithm}{chapter.5}
\BOOKMARK [1][-]{section.5.3}{Particle Swarm Algorithm}{chapter.5}
\BOOKMARK [0][-]{appendix.A}{Material Balance based on Mass Fraction}{}
\BOOKMARK [1][-]{section.A.1}{Mass Balance}{appendix.A}
\BOOKMARK [0][-]{appendix.B}{Converting Mole and Mass Fractions}{}
\BOOKMARK [1][-]{section.B.1}{Calculating Mass Fraction from Mole Fraction}{appendix.B}
\BOOKMARK [1][-]{section.B.2}{Calculating Mole Fraction from Mass Fraction}{appendix.B}
